<?xml version="1.0" encoding="UTF-8"?>
<testsuite xmlns:xsi="http://www.w3.org/2001/XMLSchema-instance" xsi:noNamespaceSchemaLocation="https://maven.apache.org/surefire/maven-surefire-plugin/xsd/surefire-test-report.xsd" version="3.0.2" name="com.dod.dha.byok.FipsAesCbcTest" time="0.094" tests="1" errors="0" skipped="0" failures="0">
  <properties>
    <property name="java.specification.version" value="17"/>
    <property name="sun.jnu.encoding" value="UTF-8"/>
    <property name="java.class.path" value="/home/ec2-user/verify/byok/target/test-classes:/home/ec2-user/verify/byok/target/classes:/home/ec2-user/.m2/repository/org/springframework/boot/spring-boot-starter-cache/3.1.5/spring-boot-starter-cache-3.1.5.jar:/home/ec2-user/.m2/repository/org/springframework/boot/spring-boot-starter/3.4.2/spring-boot-starter-3.4.2.jar:/home/ec2-user/.m2/repository/org/springframework/boot/spring-boot-starter-logging/3.4.2/spring-boot-starter-logging-3.4.2.jar:/home/ec2-user/.m2/repository/ch/qos/logback/logback-classic/1.5.16/logback-classic-1.5.16.jar:/home/ec2-user/.m2/repository/ch/qos/logback/logback-core/1.5.16/logback-core-1.5.16.jar:/home/ec2-user/.m2/repository/org/apache/logging/log4j/log4j-to-slf4j/2.24.3/log4j-to-slf4j-2.24.3.jar:/home/ec2-user/.m2/repository/org/apache/logging/log4j/log4j-api/2.24.3/log4j-api-2.24.3.jar:/home/ec2-user/.m2/repository/org/slf4j/jul-to-slf4j/2.0.16/jul-to-slf4j-2.0.16.jar:/home/ec2-user/.m2/repository/jakarta/annotation/jakarta.annotation-api/2.1.1/jakarta.annotation-api-2.1.1.jar:/home/ec2-user/.m2/repository/org/yaml/snakeyaml/2.3/snakeyaml-2.3.jar:/home/ec2-user/.m2/repository/org/springframework/spring-context-support/6.2.2/spring-context-support-6.2.2.jar:/home/ec2-user/.m2/repository/org/springframework/boot/spring-boot-starter-data-redis/3.1.5/spring-boot-starter-data-redis-3.1.5.jar:/home/ec2-user/.m2/repository/org/springframework/data/spring-data-redis/3.4.2/spring-data-redis-3.4.2.jar:/home/ec2-user/.m2/repository/org/springframework/data/spring-data-keyvalue/3.4.2/spring-data-keyvalue-3.4.2.jar:/home/ec2-user/.m2/repository/org/springframework/data/spring-data-commons/3.4.2/spring-data-commons-3.4.2.jar:/home/ec2-user/.m2/repository/org/springframework/spring-tx/6.2.2/spring-tx-6.2.2.jar:/home/ec2-user/.m2/repository/org/springframework/spring-oxm/6.2.2/spring-oxm-6.2.2.jar:/home/ec2-user/.m2/repository/io/lettuce/lettuce-core/6.4.2.RELEASE/lettuce-core-6.4.2.RELEASE.jar:/home/ec2-user/.m2/repository/io/netty/netty-common/4.1.117.Final/netty-common-4.1.117.Final.jar:/home/ec2-user/.m2/repository/io/netty/netty-handler/4.1.117.Final/netty-handler-4.1.117.Final.jar:/home/ec2-user/.m2/repository/io/netty/netty-resolver/4.1.117.Final/netty-resolver-4.1.117.Final.jar:/home/ec2-user/.m2/repository/io/netty/netty-transport-native-unix-common/4.1.117.Final/netty-transport-native-unix-common-4.1.117.Final.jar:/home/ec2-user/.m2/repository/io/netty/netty-transport/4.1.117.Final/netty-transport-4.1.117.Final.jar:/home/ec2-user/.m2/repository/org/springframework/boot/spring-boot-starter-oauth2-client/3.4.2/spring-boot-starter-oauth2-client-3.4.2.jar:/home/ec2-user/.m2/repository/org/springframework/security/spring-security-config/6.4.2/spring-security-config-6.4.2.jar:/home/ec2-user/.m2/repository/org/springframework/security/spring-security-core/6.4.2/spring-security-core-6.4.2.jar:/home/ec2-user/.m2/repository/org/springframework/security/spring-security-crypto/6.4.2/spring-security-crypto-6.4.2.jar:/home/ec2-user/.m2/repository/org/springframework/security/spring-security-oauth2-client/6.4.2/spring-security-oauth2-client-6.4.2.jar:/home/ec2-user/.m2/repository/org/springframework/security/spring-security-oauth2-core/6.4.2/spring-security-oauth2-core-6.4.2.jar:/home/ec2-user/.m2/repository/com/nimbusds/oauth2-oidc-sdk/9.43.4/oauth2-oidc-sdk-9.43.4.jar:/home/ec2-user/.m2/repository/com/github/stephenc/jcip/jcip-annotations/1.0-1/jcip-annotations-1.0-1.jar:/home/ec2-user/.m2/repository/com/nimbusds/content-type/2.2/content-type-2.2.jar:/home/ec2-user/.m2/repository/com/nimbusds/lang-tag/1.7/lang-tag-1.7.jar:/home/ec2-user/.m2/repository/org/springframework/security/spring-security-oauth2-jose/6.4.2/spring-security-oauth2-jose-6.4.2.jar:/home/ec2-user/.m2/repository/com/nimbusds/nimbus-jose-jwt/9.37.3/nimbus-jose-jwt-9.37.3.jar:/home/ec2-user/.m2/repository/org/springframework/boot/spring-boot-starter-security/3.4.2/spring-boot-starter-security-3.4.2.jar:/home/ec2-user/.m2/repository/org/springframework/spring-aop/6.2.2/spring-aop-6.2.2.jar:/home/ec2-user/.m2/repository/org/springframework/boot/spring-boot-starter-validation/3.4.2/spring-boot-starter-validation-3.4.2.jar:/home/ec2-user/.m2/repository/org/apache/tomcat/embed/tomcat-embed-el/10.1.34/tomcat-embed-el-10.1.34.jar:/home/ec2-user/.m2/repository/org/hibernate/validator/hibernate-validator/8.0.2.Final/hibernate-validator-8.0.2.Final.jar:/home/ec2-user/.m2/repository/jakarta/validation/jakarta.validation-api/3.0.2/jakarta.validation-api-3.0.2.jar:/home/ec2-user/.m2/repository/org/jboss/logging/jboss-logging/3.6.1.Final/jboss-logging-3.6.1.Final.jar:/home/ec2-user/.m2/repository/org/springframework/boot/spring-boot-starter-web/3.4.2/spring-boot-starter-web-3.4.2.jar:/home/ec2-user/.m2/repository/org/springframework/boot/spring-boot-starter-json/3.4.2/spring-boot-starter-json-3.4.2.jar:/home/ec2-user/.m2/repository/com/fasterxml/jackson/datatype/jackson-datatype-jdk8/2.18.2/jackson-datatype-jdk8-2.18.2.jar:/home/ec2-user/.m2/repository/com/fasterxml/jackson/datatype/jackson-datatype-jsr310/2.18.2/jackson-datatype-jsr310-2.18.2.jar:/home/ec2-user/.m2/repository/com/fasterxml/jackson/module/jackson-module-parameter-names/2.18.2/jackson-module-parameter-names-2.18.2.jar:/home/ec2-user/.m2/repository/org/springframework/boot/spring-boot-starter-tomcat/3.4.2/spring-boot-starter-tomcat-3.4.2.jar:/home/ec2-user/.m2/repository/org/apache/tomcat/embed/tomcat-embed-core/10.1.34/tomcat-embed-core-10.1.34.jar:/home/ec2-user/.m2/repository/org/apache/tomcat/embed/tomcat-embed-websocket/10.1.34/tomcat-embed-websocket-10.1.34.jar:/home/ec2-user/.m2/repository/org/springframework/spring-webmvc/6.2.2/spring-webmvc-6.2.2.jar:/home/ec2-user/.m2/repository/org/springframework/boot/spring-boot-starter-test/3.4.2/spring-boot-starter-test-3.4.2.jar:/home/ec2-user/.m2/repository/org/springframework/boot/spring-boot-test/3.4.2/spring-boot-test-3.4.2.jar:/home/ec2-user/.m2/repository/org/springframework/boot/spring-boot-test-autoconfigure/3.4.2/spring-boot-test-autoconfigure-3.4.2.jar:/home/ec2-user/.m2/repository/com/jayway/jsonpath/json-path/2.9.0/json-path-2.9.0.jar:/home/ec2-user/.m2/repository/jakarta/xml/bind/jakarta.xml.bind-api/4.0.2/jakarta.xml.bind-api-4.0.2.jar:/home/ec2-user/.m2/repository/jakarta/activation/jakarta.activation-api/2.1.3/jakarta.activation-api-2.1.3.jar:/home/ec2-user/.m2/repository/net/minidev/json-smart/2.5.1/json-smart-2.5.1.jar:/home/ec2-user/.m2/repository/net/minidev/accessors-smart/2.5.1/accessors-smart-2.5.1.jar:/home/ec2-user/.m2/repository/org/ow2/asm/asm/9.6/asm-9.6.jar:/home/ec2-user/.m2/repository/org/assertj/assertj-core/3.26.3/assertj-core-3.26.3.jar:/home/ec2-user/.m2/repository/net/bytebuddy/byte-buddy/1.15.11/byte-buddy-1.15.11.jar:/home/ec2-user/.m2/repository/org/awaitility/awaitility/4.2.2/awaitility-4.2.2.jar:/home/ec2-user/.m2/repository/org/hamcrest/hamcrest/2.2/hamcrest-2.2.jar:/home/ec2-user/.m2/repository/org/junit/jupiter/junit-jupiter/5.11.4/junit-jupiter-5.11.4.jar:/home/ec2-user/.m2/repository/org/junit/jupiter/junit-jupiter-api/5.11.4/junit-jupiter-api-5.11.4.jar:/home/ec2-user/.m2/repository/org/opentest4j/opentest4j/1.3.0/opentest4j-1.3.0.jar:/home/ec2-user/.m2/repository/org/junit/platform/junit-platform-commons/1.11.4/junit-platform-commons-1.11.4.jar:/home/ec2-user/.m2/repository/org/apiguardian/apiguardian-api/1.1.2/apiguardian-api-1.1.2.jar:/home/ec2-user/.m2/repository/org/junit/jupiter/junit-jupiter-params/5.11.4/junit-jupiter-params-5.11.4.jar:/home/ec2-user/.m2/repository/org/junit/jupiter/junit-jupiter-engine/5.11.4/junit-jupiter-engine-5.11.4.jar:/home/ec2-user/.m2/repository/org/junit/platform/junit-platform-engine/1.11.4/junit-platform-engine-1.11.4.jar:/home/ec2-user/.m2/repository/org/mockito/mockito-core/5.14.2/mockito-core-5.14.2.jar:/home/ec2-user/.m2/repository/net/bytebuddy/byte-buddy-agent/1.15.11/byte-buddy-agent-1.15.11.jar:/home/ec2-user/.m2/repository/org/objenesis/objenesis/3.3/objenesis-3.3.jar:/home/ec2-user/.m2/repository/org/mockito/mockito-junit-jupiter/5.14.2/mockito-junit-jupiter-5.14.2.jar:/home/ec2-user/.m2/repository/org/skyscreamer/jsonassert/1.5.3/jsonassert-1.5.3.jar:/home/ec2-user/.m2/repository/com/vaadin/external/google/android-json/0.0.20131108.vaadin1/android-json-0.0.20131108.vaadin1.jar:/home/ec2-user/.m2/repository/org/springframework/spring-core/6.2.2/spring-core-6.2.2.jar:/home/ec2-user/.m2/repository/org/springframework/spring-jcl/6.2.2/spring-jcl-6.2.2.jar:/home/ec2-user/.m2/repository/org/springframework/spring-test/6.2.2/spring-test-6.2.2.jar:/home/ec2-user/.m2/repository/org/xmlunit/xmlunit-core/2.10.0/xmlunit-core-2.10.0.jar:/home/ec2-user/.m2/repository/io/projectreactor/reactor-test/3.7.2/reactor-test-3.7.2.jar:/home/ec2-user/.m2/repository/io/projectreactor/reactor-core/3.7.2/reactor-core-3.7.2.jar:/home/ec2-user/.m2/repository/org/reactivestreams/reactive-streams/1.0.4/reactive-streams-1.0.4.jar:/home/ec2-user/.m2/repository/org/springframework/security/spring-security-test/6.4.2/spring-security-test-6.4.2.jar:/home/ec2-user/.m2/repository/com/amazonaws/aws-java-sdk-kms/1.12.241/aws-java-sdk-kms-1.12.241.jar:/home/ec2-user/.m2/repository/com/amazonaws/aws-java-sdk-core/1.12.241/aws-java-sdk-core-1.12.241.jar:/home/ec2-user/.m2/repository/commons-logging/commons-logging/1.1.3/commons-logging-1.1.3.jar:/home/ec2-user/.m2/repository/org/apache/httpcomponents/httpclient/4.5.13/httpclient-4.5.13.jar:/home/ec2-user/.m2/repository/software/amazon/ion/ion-java/1.0.2/ion-java-1.0.2.jar:/home/ec2-user/.m2/repository/com/fasterxml/jackson/dataformat/jackson-dataformat-cbor/2.18.2/jackson-dataformat-cbor-2.18.2.jar:/home/ec2-user/.m2/repository/joda-time/joda-time/2.8.1/joda-time-2.8.1.jar:/home/ec2-user/.m2/repository/com/amazonaws/jmespath-java/1.12.241/jmespath-java-1.12.241.jar:/home/ec2-user/.m2/repository/software/amazon/awssdk/kms/2.20.0/kms-2.20.0.jar:/home/ec2-user/.m2/repository/software/amazon/awssdk/aws-json-protocol/2.20.0/aws-json-protocol-2.20.0.jar:/home/ec2-user/.m2/repository/software/amazon/awssdk/third-party-jackson-core/2.20.0/third-party-jackson-core-2.20.0.jar:/home/ec2-user/.m2/repository/software/amazon/awssdk/protocol-core/2.20.0/protocol-core-2.20.0.jar:/home/ec2-user/.m2/repository/software/amazon/awssdk/sdk-core/2.20.0/sdk-core-2.20.0.jar:/home/ec2-user/.m2/repository/software/amazon/awssdk/profiles/2.20.0/profiles-2.20.0.jar:/home/ec2-user/.m2/repository/software/amazon/awssdk/auth/2.20.0/auth-2.20.0.jar:/home/ec2-user/.m2/repository/software/amazon/eventstream/eventstream/1.0.1/eventstream-1.0.1.jar:/home/ec2-user/.m2/repository/software/amazon/awssdk/http-client-spi/2.20.0/http-client-spi-2.20.0.jar:/home/ec2-user/.m2/repository/software/amazon/awssdk/regions/2.20.0/regions-2.20.0.jar:/home/ec2-user/.m2/repository/software/amazon/awssdk/annotations/2.20.0/annotations-2.20.0.jar:/home/ec2-user/.m2/repository/software/amazon/awssdk/utils/2.20.0/utils-2.20.0.jar:/home/ec2-user/.m2/repository/software/amazon/awssdk/aws-core/2.20.0/aws-core-2.20.0.jar:/home/ec2-user/.m2/repository/software/amazon/awssdk/metrics-spi/2.20.0/metrics-spi-2.20.0.jar:/home/ec2-user/.m2/repository/software/amazon/awssdk/json-utils/2.20.0/json-utils-2.20.0.jar:/home/ec2-user/.m2/repository/software/amazon/awssdk/endpoints-spi/2.20.0/endpoints-spi-2.20.0.jar:/home/ec2-user/.m2/repository/software/amazon/awssdk/apache-client/2.20.0/apache-client-2.20.0.jar:/home/ec2-user/.m2/repository/org/apache/httpcomponents/httpcore/4.4.16/httpcore-4.4.16.jar:/home/ec2-user/.m2/repository/software/amazon/awssdk/netty-nio-client/2.20.0/netty-nio-client-2.20.0.jar:/home/ec2-user/.m2/repository/io/netty/netty-codec-http/4.1.117.Final/netty-codec-http-4.1.117.Final.jar:/home/ec2-user/.m2/repository/io/netty/netty-codec-http2/4.1.117.Final/netty-codec-http2-4.1.117.Final.jar:/home/ec2-user/.m2/repository/io/netty/netty-codec/4.1.117.Final/netty-codec-4.1.117.Final.jar:/home/ec2-user/.m2/repository/io/netty/netty-buffer/4.1.117.Final/netty-buffer-4.1.117.Final.jar:/home/ec2-user/.m2/repository/io/netty/netty-transport-classes-epoll/4.1.117.Final/netty-transport-classes-epoll-4.1.117.Final.jar:/home/ec2-user/.m2/repository/org/bouncycastle/bcprov-jdk15on/1.70/bcprov-jdk15on-1.70.jar:/home/ec2-user/.m2/repository/commons-codec/commons-codec/1.15/commons-codec-1.15.jar:/home/ec2-user/.m2/repository/org/apache/httpcomponents/client5/httpclient5/5.4/httpclient5-5.4.jar:/home/ec2-user/.m2/repository/org/apache/httpcomponents/core5/httpcore5/5.3.2/httpcore5-5.3.2.jar:/home/ec2-user/.m2/repository/org/apache/httpcomponents/core5/httpcore5-h2/5.3.2/httpcore5-h2-5.3.2.jar:/home/ec2-user/.m2/repository/org/slf4j/slf4j-api/2.0.16/slf4j-api-2.0.16.jar:/home/ec2-user/.m2/repository/org/json/json/20210307/json-20210307.jar:/home/ec2-user/.m2/repository/org/springframework/boot/spring-boot-devtools/3.4.2/spring-boot-devtools-3.4.2.jar:/home/ec2-user/.m2/repository/org/springframework/boot/spring-boot/3.4.2/spring-boot-3.4.2.jar:/home/ec2-user/.m2/repository/org/springframework/boot/spring-boot-autoconfigure/3.4.2/spring-boot-autoconfigure-3.4.2.jar:/home/ec2-user/.m2/repository/org/springframework/boot/spring-boot-starter-webflux/3.4.2/spring-boot-starter-webflux-3.4.2.jar:/home/ec2-user/.m2/repository/org/springframework/boot/spring-boot-starter-reactor-netty/3.4.2/spring-boot-starter-reactor-netty-3.4.2.jar:/home/ec2-user/.m2/repository/io/projectreactor/netty/reactor-netty-http/1.2.2/reactor-netty-http-1.2.2.jar:/home/ec2-user/.m2/repository/io/netty/netty-resolver-dns/4.1.117.Final/netty-resolver-dns-4.1.117.Final.jar:/home/ec2-user/.m2/repository/io/netty/netty-codec-dns/4.1.117.Final/netty-codec-dns-4.1.117.Final.jar:/home/ec2-user/.m2/repository/io/netty/netty-resolver-dns-native-macos/4.1.117.Final/netty-resolver-dns-native-macos-4.1.117.Final-osx-x86_64.jar:/home/ec2-user/.m2/repository/io/netty/netty-resolver-dns-classes-macos/4.1.117.Final/netty-resolver-dns-classes-macos-4.1.117.Final.jar:/home/ec2-user/.m2/repository/io/netty/netty-transport-native-epoll/4.1.117.Final/netty-transport-native-epoll-4.1.117.Final-linux-x86_64.jar:/home/ec2-user/.m2/repository/io/projectreactor/netty/reactor-netty-core/1.2.2/reactor-netty-core-1.2.2.jar:/home/ec2-user/.m2/repository/io/netty/netty-handler-proxy/4.1.117.Final/netty-handler-proxy-4.1.117.Final.jar:/home/ec2-user/.m2/repository/io/netty/netty-codec-socks/4.1.117.Final/netty-codec-socks-4.1.117.Final.jar:/home/ec2-user/.m2/repository/org/springframework/spring-webflux/6.2.2/spring-webflux-6.2.2.jar:/home/ec2-user/.m2/repository/org/springdoc/springdoc-openapi-starter-webmvc-ui/2.2.0/springdoc-openapi-starter-webmvc-ui-2.2.0.jar:/home/ec2-user/.m2/repository/org/springdoc/springdoc-openapi-starter-webmvc-api/2.2.0/springdoc-openapi-starter-webmvc-api-2.2.0.jar:/home/ec2-user/.m2/repository/org/springdoc/springdoc-openapi-starter-common/2.2.0/springdoc-openapi-starter-common-2.2.0.jar:/home/ec2-user/.m2/repository/io/swagger/core/v3/swagger-core-jakarta/2.2.15/swagger-core-jakarta-2.2.15.jar:/home/ec2-user/.m2/repository/org/apache/commons/commons-lang3/3.17.0/commons-lang3-3.17.0.jar:/home/ec2-user/.m2/repository/io/swagger/core/v3/swagger-annotations-jakarta/2.2.15/swagger-annotations-jakarta-2.2.15.jar:/home/ec2-user/.m2/repository/io/swagger/core/v3/swagger-models-jakarta/2.2.15/swagger-models-jakarta-2.2.15.jar:/home/ec2-user/.m2/repository/com/fasterxml/jackson/dataformat/jackson-dataformat-yaml/2.18.2/jackson-dataformat-yaml-2.18.2.jar:/home/ec2-user/.m2/repository/org/webjars/swagger-ui/5.2.0/swagger-ui-5.2.0.jar:/home/ec2-user/.m2/repository/io/springfox/springfox-boot-starter/3.0.0/springfox-boot-starter-3.0.0.jar:/home/ec2-user/.m2/repository/io/springfox/springfox-oas/3.0.0/springfox-oas-3.0.0.jar:/home/ec2-user/.m2/repository/io/swagger/core/v3/swagger-annotations/2.1.2/swagger-annotations-2.1.2.jar:/home/ec2-user/.m2/repository/io/swagger/core/v3/swagger-models/2.1.2/swagger-models-2.1.2.jar:/home/ec2-user/.m2/repository/io/springfox/springfox-spi/3.0.0/springfox-spi-3.0.0.jar:/home/ec2-user/.m2/repository/io/springfox/springfox-schema/3.0.0/springfox-schema-3.0.0.jar:/home/ec2-user/.m2/repository/io/springfox/springfox-core/3.0.0/springfox-core-3.0.0.jar:/home/ec2-user/.m2/repository/io/springfox/springfox-spring-web/3.0.0/springfox-spring-web-3.0.0.jar:/home/ec2-user/.m2/repository/io/springfox/springfox-spring-webmvc/3.0.0/springfox-spring-webmvc-3.0.0.jar:/home/ec2-user/.m2/repository/io/springfox/springfox-spring-webflux/3.0.0/springfox-spring-webflux-3.0.0.jar:/home/ec2-user/.m2/repository/io/springfox/springfox-swagger-common/3.0.0/springfox-swagger-common-3.0.0.jar:/home/ec2-user/.m2/repository/org/mapstruct/mapstruct/1.3.1.Final/mapstruct-1.3.1.Final.jar:/home/ec2-user/.m2/repository/io/springfox/springfox-data-rest/3.0.0/springfox-data-rest-3.0.0.jar:/home/ec2-user/.m2/repository/io/springfox/springfox-bean-validators/3.0.0/springfox-bean-validators-3.0.0.jar:/home/ec2-user/.m2/repository/io/springfox/springfox-swagger2/3.0.0/springfox-swagger2-3.0.0.jar:/home/ec2-user/.m2/repository/io/swagger/swagger-annotations/1.5.20/swagger-annotations-1.5.20.jar:/home/ec2-user/.m2/repository/io/swagger/swagger-models/1.5.20/swagger-models-1.5.20.jar:/home/ec2-user/.m2/repository/io/springfox/springfox-swagger-ui/3.0.0/springfox-swagger-ui-3.0.0.jar:/home/ec2-user/.m2/repository/com/fasterxml/classmate/1.7.0/classmate-1.7.0.jar:/home/ec2-user/.m2/repository/org/springframework/plugin/spring-plugin-core/2.0.0.RELEASE/spring-plugin-core-2.0.0.RELEASE.jar:/home/ec2-user/.m2/repository/org/springframework/plugin/spring-plugin-metadata/2.0.0.RELEASE/spring-plugin-metadata-2.0.0.RELEASE.jar:/home/ec2-user/.m2/repository/org/webjars/jquery/3.4.1/jquery-3.4.1.jar:/home/ec2-user/.m2/repository/org/webjars/bootstrap/4.3.1/bootstrap-4.3.1.jar:/home/ec2-user/.m2/repository/org/webjars/popper.js/1.14.3/popper.js-1.14.3.jar:/home/ec2-user/.m2/repository/org/webjars/webjars-locator-core/0.59/webjars-locator-core-0.59.jar:/home/ec2-user/.m2/repository/io/github/classgraph/classgraph/4.8.173/classgraph-4.8.173.jar:/home/ec2-user/.m2/repository/javax/xml/bind/jaxb-api/2.3.0/jaxb-api-2.3.0.jar:/home/ec2-user/.m2/repository/org/webjars/js-cookie/2.1.0/js-cookie-2.1.0.jar:/home/ec2-user/.m2/repository/org/springframework/security/spring-security-web/6.4.1/spring-security-web-6.4.1.jar:/home/ec2-user/.m2/repository/org/springframework/spring-beans/6.2.2/spring-beans-6.2.2.jar:/home/ec2-user/.m2/repository/org/springframework/spring-context/6.2.2/spring-context-6.2.2.jar:/home/ec2-user/.m2/repository/org/springframework/spring-expression/6.2.2/spring-expression-6.2.2.jar:/home/ec2-user/.m2/repository/org/springframework/boot/spring-boot-starter-actuator/3.4.2/spring-boot-starter-actuator-3.4.2.jar:/home/ec2-user/.m2/repository/org/springframework/boot/spring-boot-actuator-autoconfigure/3.4.2/spring-boot-actuator-autoconfigure-3.4.2.jar:/home/ec2-user/.m2/repository/org/springframework/boot/spring-boot-actuator/3.4.2/spring-boot-actuator-3.4.2.jar:/home/ec2-user/.m2/repository/io/micrometer/micrometer-observation/1.14.3/micrometer-observation-1.14.3.jar:/home/ec2-user/.m2/repository/io/micrometer/micrometer-commons/1.14.3/micrometer-commons-1.14.3.jar:/home/ec2-user/.m2/repository/io/micrometer/micrometer-jakarta9/1.14.3/micrometer-jakarta9-1.14.3.jar:/home/ec2-user/.m2/repository/io/micrometer/micrometer-core/1.14.3/micrometer-core-1.14.3.jar:/home/ec2-user/.m2/repository/org/hdrhistogram/HdrHistogram/2.2.2/HdrHistogram-2.2.2.jar:/home/ec2-user/.m2/repository/org/latencyutils/LatencyUtils/2.0.3/LatencyUtils-2.0.3.jar:/home/ec2-user/.m2/repository/javax/servlet/servlet-api/2.5/servlet-api-2.5.jar:/home/ec2-user/.m2/repository/org/slf4j/slf4j-nop/1.7.25/slf4j-nop-1.7.25.jar:/home/ec2-user/.m2/repository/org/bitbucket/b_c/jose4j/0.6.3/jose4j-0.6.3.jar:/home/ec2-user/.m2/repository/commons-cli/commons-cli/1.4/commons-cli-1.4.jar:/home/ec2-user/.m2/repository/commons-io/commons-io/2.6/commons-io-2.6.jar:/home/ec2-user/.m2/repository/com/codahale/shamir/0.6.0/shamir-0.6.0.jar:/home/ec2-user/.m2/repository/com/fasterxml/jackson/core/jackson-databind/2.15.0/jackson-databind-2.15.0.jar:/home/ec2-user/.m2/repository/com/fasterxml/jackson/core/jackson-core/2.15.0/jackson-core-2.15.0.jar:/home/ec2-user/.m2/repository/com/fasterxml/jackson/core/jackson-annotations/2.15.0/jackson-annotations-2.15.0.jar:/home/ec2-user/.m2/repository/org/apache/tomcat/tomcat-coyote/11.0.2/tomcat-coyote-11.0.2.jar:/home/ec2-user/.m2/repository/org/apache/tomcat/tomcat-servlet-api/11.0.2/tomcat-servlet-api-11.0.2.jar:/home/ec2-user/.m2/repository/org/apache/tomcat/tomcat-jni/11.0.2/tomcat-jni-11.0.2.jar:/home/ec2-user/.m2/repository/org/apache/tomcat/tomcat-juli/11.0.2/tomcat-juli-11.0.2.jar:/home/ec2-user/.m2/repository/org/apache/tomcat/tomcat-util/11.0.2/tomcat-util-11.0.2.jar:/home/ec2-user/.m2/repository/org/springframework/spring-web/6.2.1/spring-web-6.2.1.jar:"/>
    <property name="LOGBACK_ROLLINGPOLICY_MAX_FILE_SIZE" value="10485760"/>
    <property name="LOGBACK_ROLLINGPOLICY_FILE_NAME_PATTERN" value="/logs/archived/application-%d{yyyy-MM-dd}.%i.log"/>
    <property name="java.vm.vendor" value="Red Hat, Inc."/>
    <property name="sun.arch.data.model" value="64"/>
    <property name="java.vendor.url" value="https://www.redhat.com/"/>
    <property name="user.timezone" value="UTC"/>
    <property name="org.jboss.logging.provider" value="slf4j"/>
    <property name="fips.nssdb.path" value="sql:/etc/pki/nssdb"/>
    <property name="os.name" value="Linux"/>
    <property name="java.vm.specification.version" value="17"/>
    <property name="APPLICATION_NAME" value="byok"/>
    <property name="user.country" value="US"/>
    <property name="sun.java.launcher" value="SUN_STANDARD"/>
    <property name="sun.boot.library.path" value="/usr/lib/jvm/java-17-openjdk-17.0.14.0.7-2.el9.x86_64/lib"/>
    <property name="sun.java.command" value="/home/ec2-user/verify/byok/target/surefire/surefirebooter-20250220190919479_3.jar /home/ec2-user/verify/byok/target/surefire 2025-02-20T19-09-19_314-jvmRun1 surefire-20250220190919479_1tmp surefire_0-20250220190919479_2tmp"/>
    <property name="jdk.debug" value="release"/>
    <property name="surefire.test.class.path" value="/home/ec2-user/verify/byok/target/test-classes:/home/ec2-user/verify/byok/target/classes:/home/ec2-user/.m2/repository/org/springframework/boot/spring-boot-starter-cache/3.1.5/spring-boot-starter-cache-3.1.5.jar:/home/ec2-user/.m2/repository/org/springframework/boot/spring-boot-starter/3.4.2/spring-boot-starter-3.4.2.jar:/home/ec2-user/.m2/repository/org/springframework/boot/spring-boot-starter-logging/3.4.2/spring-boot-starter-logging-3.4.2.jar:/home/ec2-user/.m2/repository/ch/qos/logback/logback-classic/1.5.16/logback-classic-1.5.16.jar:/home/ec2-user/.m2/repository/ch/qos/logback/logback-core/1.5.16/logback-core-1.5.16.jar:/home/ec2-user/.m2/repository/org/apache/logging/log4j/log4j-to-slf4j/2.24.3/log4j-to-slf4j-2.24.3.jar:/home/ec2-user/.m2/repository/org/apache/logging/log4j/log4j-api/2.24.3/log4j-api-2.24.3.jar:/home/ec2-user/.m2/repository/org/slf4j/jul-to-slf4j/2.0.16/jul-to-slf4j-2.0.16.jar:/home/ec2-user/.m2/repository/jakarta/annotation/jakarta.annotation-api/2.1.1/jakarta.annotation-api-2.1.1.jar:/home/ec2-user/.m2/repository/org/yaml/snakeyaml/2.3/snakeyaml-2.3.jar:/home/ec2-user/.m2/repository/org/springframework/spring-context-support/6.2.2/spring-context-support-6.2.2.jar:/home/ec2-user/.m2/repository/org/springframework/boot/spring-boot-starter-data-redis/3.1.5/spring-boot-starter-data-redis-3.1.5.jar:/home/ec2-user/.m2/repository/org/springframework/data/spring-data-redis/3.4.2/spring-data-redis-3.4.2.jar:/home/ec2-user/.m2/repository/org/springframework/data/spring-data-keyvalue/3.4.2/spring-data-keyvalue-3.4.2.jar:/home/ec2-user/.m2/repository/org/springframework/data/spring-data-commons/3.4.2/spring-data-commons-3.4.2.jar:/home/ec2-user/.m2/repository/org/springframework/spring-tx/6.2.2/spring-tx-6.2.2.jar:/home/ec2-user/.m2/repository/org/springframework/spring-oxm/6.2.2/spring-oxm-6.2.2.jar:/home/ec2-user/.m2/repository/io/lettuce/lettuce-core/6.4.2.RELEASE/lettuce-core-6.4.2.RELEASE.jar:/home/ec2-user/.m2/repository/io/netty/netty-common/4.1.117.Final/netty-common-4.1.117.Final.jar:/home/ec2-user/.m2/repository/io/netty/netty-handler/4.1.117.Final/netty-handler-4.1.117.Final.jar:/home/ec2-user/.m2/repository/io/netty/netty-resolver/4.1.117.Final/netty-resolver-4.1.117.Final.jar:/home/ec2-user/.m2/repository/io/netty/netty-transport-native-unix-common/4.1.117.Final/netty-transport-native-unix-common-4.1.117.Final.jar:/home/ec2-user/.m2/repository/io/netty/netty-transport/4.1.117.Final/netty-transport-4.1.117.Final.jar:/home/ec2-user/.m2/repository/org/springframework/boot/spring-boot-starter-oauth2-client/3.4.2/spring-boot-starter-oauth2-client-3.4.2.jar:/home/ec2-user/.m2/repository/org/springframework/security/spring-security-config/6.4.2/spring-security-config-6.4.2.jar:/home/ec2-user/.m2/repository/org/springframework/security/spring-security-core/6.4.2/spring-security-core-6.4.2.jar:/home/ec2-user/.m2/repository/org/springframework/security/spring-security-crypto/6.4.2/spring-security-crypto-6.4.2.jar:/home/ec2-user/.m2/repository/org/springframework/security/spring-security-oauth2-client/6.4.2/spring-security-oauth2-client-6.4.2.jar:/home/ec2-user/.m2/repository/org/springframework/security/spring-security-oauth2-core/6.4.2/spring-security-oauth2-core-6.4.2.jar:/home/ec2-user/.m2/repository/com/nimbusds/oauth2-oidc-sdk/9.43.4/oauth2-oidc-sdk-9.43.4.jar:/home/ec2-user/.m2/repository/com/github/stephenc/jcip/jcip-annotations/1.0-1/jcip-annotations-1.0-1.jar:/home/ec2-user/.m2/repository/com/nimbusds/content-type/2.2/content-type-2.2.jar:/home/ec2-user/.m2/repository/com/nimbusds/lang-tag/1.7/lang-tag-1.7.jar:/home/ec2-user/.m2/repository/org/springframework/security/spring-security-oauth2-jose/6.4.2/spring-security-oauth2-jose-6.4.2.jar:/home/ec2-user/.m2/repository/com/nimbusds/nimbus-jose-jwt/9.37.3/nimbus-jose-jwt-9.37.3.jar:/home/ec2-user/.m2/repository/org/springframework/boot/spring-boot-starter-security/3.4.2/spring-boot-starter-security-3.4.2.jar:/home/ec2-user/.m2/repository/org/springframework/spring-aop/6.2.2/spring-aop-6.2.2.jar:/home/ec2-user/.m2/repository/org/springframework/boot/spring-boot-starter-validation/3.4.2/spring-boot-starter-validation-3.4.2.jar:/home/ec2-user/.m2/repository/org/apache/tomcat/embed/tomcat-embed-el/10.1.34/tomcat-embed-el-10.1.34.jar:/home/ec2-user/.m2/repository/org/hibernate/validator/hibernate-validator/8.0.2.Final/hibernate-validator-8.0.2.Final.jar:/home/ec2-user/.m2/repository/jakarta/validation/jakarta.validation-api/3.0.2/jakarta.validation-api-3.0.2.jar:/home/ec2-user/.m2/repository/org/jboss/logging/jboss-logging/3.6.1.Final/jboss-logging-3.6.1.Final.jar:/home/ec2-user/.m2/repository/org/springframework/boot/spring-boot-starter-web/3.4.2/spring-boot-starter-web-3.4.2.jar:/home/ec2-user/.m2/repository/org/springframework/boot/spring-boot-starter-json/3.4.2/spring-boot-starter-json-3.4.2.jar:/home/ec2-user/.m2/repository/com/fasterxml/jackson/datatype/jackson-datatype-jdk8/2.18.2/jackson-datatype-jdk8-2.18.2.jar:/home/ec2-user/.m2/repository/com/fasterxml/jackson/datatype/jackson-datatype-jsr310/2.18.2/jackson-datatype-jsr310-2.18.2.jar:/home/ec2-user/.m2/repository/com/fasterxml/jackson/module/jackson-module-parameter-names/2.18.2/jackson-module-parameter-names-2.18.2.jar:/home/ec2-user/.m2/repository/org/springframework/boot/spring-boot-starter-tomcat/3.4.2/spring-boot-starter-tomcat-3.4.2.jar:/home/ec2-user/.m2/repository/org/apache/tomcat/embed/tomcat-embed-core/10.1.34/tomcat-embed-core-10.1.34.jar:/home/ec2-user/.m2/repository/org/apache/tomcat/embed/tomcat-embed-websocket/10.1.34/tomcat-embed-websocket-10.1.34.jar:/home/ec2-user/.m2/repository/org/springframework/spring-webmvc/6.2.2/spring-webmvc-6.2.2.jar:/home/ec2-user/.m2/repository/org/springframework/boot/spring-boot-starter-test/3.4.2/spring-boot-starter-test-3.4.2.jar:/home/ec2-user/.m2/repository/org/springframework/boot/spring-boot-test/3.4.2/spring-boot-test-3.4.2.jar:/home/ec2-user/.m2/repository/org/springframework/boot/spring-boot-test-autoconfigure/3.4.2/spring-boot-test-autoconfigure-3.4.2.jar:/home/ec2-user/.m2/repository/com/jayway/jsonpath/json-path/2.9.0/json-path-2.9.0.jar:/home/ec2-user/.m2/repository/jakarta/xml/bind/jakarta.xml.bind-api/4.0.2/jakarta.xml.bind-api-4.0.2.jar:/home/ec2-user/.m2/repository/jakarta/activation/jakarta.activation-api/2.1.3/jakarta.activation-api-2.1.3.jar:/home/ec2-user/.m2/repository/net/minidev/json-smart/2.5.1/json-smart-2.5.1.jar:/home/ec2-user/.m2/repository/net/minidev/accessors-smart/2.5.1/accessors-smart-2.5.1.jar:/home/ec2-user/.m2/repository/org/ow2/asm/asm/9.6/asm-9.6.jar:/home/ec2-user/.m2/repository/org/assertj/assertj-core/3.26.3/assertj-core-3.26.3.jar:/home/ec2-user/.m2/repository/net/bytebuddy/byte-buddy/1.15.11/byte-buddy-1.15.11.jar:/home/ec2-user/.m2/repository/org/awaitility/awaitility/4.2.2/awaitility-4.2.2.jar:/home/ec2-user/.m2/repository/org/hamcrest/hamcrest/2.2/hamcrest-2.2.jar:/home/ec2-user/.m2/repository/org/junit/jupiter/junit-jupiter/5.11.4/junit-jupiter-5.11.4.jar:/home/ec2-user/.m2/repository/org/junit/jupiter/junit-jupiter-api/5.11.4/junit-jupiter-api-5.11.4.jar:/home/ec2-user/.m2/repository/org/opentest4j/opentest4j/1.3.0/opentest4j-1.3.0.jar:/home/ec2-user/.m2/repository/org/junit/platform/junit-platform-commons/1.11.4/junit-platform-commons-1.11.4.jar:/home/ec2-user/.m2/repository/org/apiguardian/apiguardian-api/1.1.2/apiguardian-api-1.1.2.jar:/home/ec2-user/.m2/repository/org/junit/jupiter/junit-jupiter-params/5.11.4/junit-jupiter-params-5.11.4.jar:/home/ec2-user/.m2/repository/org/junit/jupiter/junit-jupiter-engine/5.11.4/junit-jupiter-engine-5.11.4.jar:/home/ec2-user/.m2/repository/org/junit/platform/junit-platform-engine/1.11.4/junit-platform-engine-1.11.4.jar:/home/ec2-user/.m2/repository/org/mockito/mockito-core/5.14.2/mockito-core-5.14.2.jar:/home/ec2-user/.m2/repository/net/bytebuddy/byte-buddy-agent/1.15.11/byte-buddy-agent-1.15.11.jar:/home/ec2-user/.m2/repository/org/objenesis/objenesis/3.3/objenesis-3.3.jar:/home/ec2-user/.m2/repository/org/mockito/mockito-junit-jupiter/5.14.2/mockito-junit-jupiter-5.14.2.jar:/home/ec2-user/.m2/repository/org/skyscreamer/jsonassert/1.5.3/jsonassert-1.5.3.jar:/home/ec2-user/.m2/repository/com/vaadin/external/google/android-json/0.0.20131108.vaadin1/android-json-0.0.20131108.vaadin1.jar:/home/ec2-user/.m2/repository/org/springframework/spring-core/6.2.2/spring-core-6.2.2.jar:/home/ec2-user/.m2/repository/org/springframework/spring-jcl/6.2.2/spring-jcl-6.2.2.jar:/home/ec2-user/.m2/repository/org/springframework/spring-test/6.2.2/spring-test-6.2.2.jar:/home/ec2-user/.m2/repository/org/xmlunit/xmlunit-core/2.10.0/xmlunit-core-2.10.0.jar:/home/ec2-user/.m2/repository/io/projectreactor/reactor-test/3.7.2/reactor-test-3.7.2.jar:/home/ec2-user/.m2/repository/io/projectreactor/reactor-core/3.7.2/reactor-core-3.7.2.jar:/home/ec2-user/.m2/repository/org/reactivestreams/reactive-streams/1.0.4/reactive-streams-1.0.4.jar:/home/ec2-user/.m2/repository/org/springframework/security/spring-security-test/6.4.2/spring-security-test-6.4.2.jar:/home/ec2-user/.m2/repository/com/amazonaws/aws-java-sdk-kms/1.12.241/aws-java-sdk-kms-1.12.241.jar:/home/ec2-user/.m2/repository/com/amazonaws/aws-java-sdk-core/1.12.241/aws-java-sdk-core-1.12.241.jar:/home/ec2-user/.m2/repository/commons-logging/commons-logging/1.1.3/commons-logging-1.1.3.jar:/home/ec2-user/.m2/repository/org/apache/httpcomponents/httpclient/4.5.13/httpclient-4.5.13.jar:/home/ec2-user/.m2/repository/software/amazon/ion/ion-java/1.0.2/ion-java-1.0.2.jar:/home/ec2-user/.m2/repository/com/fasterxml/jackson/dataformat/jackson-dataformat-cbor/2.18.2/jackson-dataformat-cbor-2.18.2.jar:/home/ec2-user/.m2/repository/joda-time/joda-time/2.8.1/joda-time-2.8.1.jar:/home/ec2-user/.m2/repository/com/amazonaws/jmespath-java/1.12.241/jmespath-java-1.12.241.jar:/home/ec2-user/.m2/repository/software/amazon/awssdk/kms/2.20.0/kms-2.20.0.jar:/home/ec2-user/.m2/repository/software/amazon/awssdk/aws-json-protocol/2.20.0/aws-json-protocol-2.20.0.jar:/home/ec2-user/.m2/repository/software/amazon/awssdk/third-party-jackson-core/2.20.0/third-party-jackson-core-2.20.0.jar:/home/ec2-user/.m2/repository/software/amazon/awssdk/protocol-core/2.20.0/protocol-core-2.20.0.jar:/home/ec2-user/.m2/repository/software/amazon/awssdk/sdk-core/2.20.0/sdk-core-2.20.0.jar:/home/ec2-user/.m2/repository/software/amazon/awssdk/profiles/2.20.0/profiles-2.20.0.jar:/home/ec2-user/.m2/repository/software/amazon/awssdk/auth/2.20.0/auth-2.20.0.jar:/home/ec2-user/.m2/repository/software/amazon/eventstream/eventstream/1.0.1/eventstream-1.0.1.jar:/home/ec2-user/.m2/repository/software/amazon/awssdk/http-client-spi/2.20.0/http-client-spi-2.20.0.jar:/home/ec2-user/.m2/repository/software/amazon/awssdk/regions/2.20.0/regions-2.20.0.jar:/home/ec2-user/.m2/repository/software/amazon/awssdk/annotations/2.20.0/annotations-2.20.0.jar:/home/ec2-user/.m2/repository/software/amazon/awssdk/utils/2.20.0/utils-2.20.0.jar:/home/ec2-user/.m2/repository/software/amazon/awssdk/aws-core/2.20.0/aws-core-2.20.0.jar:/home/ec2-user/.m2/repository/software/amazon/awssdk/metrics-spi/2.20.0/metrics-spi-2.20.0.jar:/home/ec2-user/.m2/repository/software/amazon/awssdk/json-utils/2.20.0/json-utils-2.20.0.jar:/home/ec2-user/.m2/repository/software/amazon/awssdk/endpoints-spi/2.20.0/endpoints-spi-2.20.0.jar:/home/ec2-user/.m2/repository/software/amazon/awssdk/apache-client/2.20.0/apache-client-2.20.0.jar:/home/ec2-user/.m2/repository/org/apache/httpcomponents/httpcore/4.4.16/httpcore-4.4.16.jar:/home/ec2-user/.m2/repository/software/amazon/awssdk/netty-nio-client/2.20.0/netty-nio-client-2.20.0.jar:/home/ec2-user/.m2/repository/io/netty/netty-codec-http/4.1.117.Final/netty-codec-http-4.1.117.Final.jar:/home/ec2-user/.m2/repository/io/netty/netty-codec-http2/4.1.117.Final/netty-codec-http2-4.1.117.Final.jar:/home/ec2-user/.m2/repository/io/netty/netty-codec/4.1.117.Final/netty-codec-4.1.117.Final.jar:/home/ec2-user/.m2/repository/io/netty/netty-buffer/4.1.117.Final/netty-buffer-4.1.117.Final.jar:/home/ec2-user/.m2/repository/io/netty/netty-transport-classes-epoll/4.1.117.Final/netty-transport-classes-epoll-4.1.117.Final.jar:/home/ec2-user/.m2/repository/org/bouncycastle/bcprov-jdk15on/1.70/bcprov-jdk15on-1.70.jar:/home/ec2-user/.m2/repository/commons-codec/commons-codec/1.15/commons-codec-1.15.jar:/home/ec2-user/.m2/repository/org/apache/httpcomponents/client5/httpclient5/5.4/httpclient5-5.4.jar:/home/ec2-user/.m2/repository/org/apache/httpcomponents/core5/httpcore5/5.3.2/httpcore5-5.3.2.jar:/home/ec2-user/.m2/repository/org/apache/httpcomponents/core5/httpcore5-h2/5.3.2/httpcore5-h2-5.3.2.jar:/home/ec2-user/.m2/repository/org/slf4j/slf4j-api/2.0.16/slf4j-api-2.0.16.jar:/home/ec2-user/.m2/repository/org/json/json/20210307/json-20210307.jar:/home/ec2-user/.m2/repository/org/springframework/boot/spring-boot-devtools/3.4.2/spring-boot-devtools-3.4.2.jar:/home/ec2-user/.m2/repository/org/springframework/boot/spring-boot/3.4.2/spring-boot-3.4.2.jar:/home/ec2-user/.m2/repository/org/springframework/boot/spring-boot-autoconfigure/3.4.2/spring-boot-autoconfigure-3.4.2.jar:/home/ec2-user/.m2/repository/org/springframework/boot/spring-boot-starter-webflux/3.4.2/spring-boot-starter-webflux-3.4.2.jar:/home/ec2-user/.m2/repository/org/springframework/boot/spring-boot-starter-reactor-netty/3.4.2/spring-boot-starter-reactor-netty-3.4.2.jar:/home/ec2-user/.m2/repository/io/projectreactor/netty/reactor-netty-http/1.2.2/reactor-netty-http-1.2.2.jar:/home/ec2-user/.m2/repository/io/netty/netty-resolver-dns/4.1.117.Final/netty-resolver-dns-4.1.117.Final.jar:/home/ec2-user/.m2/repository/io/netty/netty-codec-dns/4.1.117.Final/netty-codec-dns-4.1.117.Final.jar:/home/ec2-user/.m2/repository/io/netty/netty-resolver-dns-native-macos/4.1.117.Final/netty-resolver-dns-native-macos-4.1.117.Final-osx-x86_64.jar:/home/ec2-user/.m2/repository/io/netty/netty-resolver-dns-classes-macos/4.1.117.Final/netty-resolver-dns-classes-macos-4.1.117.Final.jar:/home/ec2-user/.m2/repository/io/netty/netty-transport-native-epoll/4.1.117.Final/netty-transport-native-epoll-4.1.117.Final-linux-x86_64.jar:/home/ec2-user/.m2/repository/io/projectreactor/netty/reactor-netty-core/1.2.2/reactor-netty-core-1.2.2.jar:/home/ec2-user/.m2/repository/io/netty/netty-handler-proxy/4.1.117.Final/netty-handler-proxy-4.1.117.Final.jar:/home/ec2-user/.m2/repository/io/netty/netty-codec-socks/4.1.117.Final/netty-codec-socks-4.1.117.Final.jar:/home/ec2-user/.m2/repository/org/springframework/spring-webflux/6.2.2/spring-webflux-6.2.2.jar:/home/ec2-user/.m2/repository/org/springdoc/springdoc-openapi-starter-webmvc-ui/2.2.0/springdoc-openapi-starter-webmvc-ui-2.2.0.jar:/home/ec2-user/.m2/repository/org/springdoc/springdoc-openapi-starter-webmvc-api/2.2.0/springdoc-openapi-starter-webmvc-api-2.2.0.jar:/home/ec2-user/.m2/repository/org/springdoc/springdoc-openapi-starter-common/2.2.0/springdoc-openapi-starter-common-2.2.0.jar:/home/ec2-user/.m2/repository/io/swagger/core/v3/swagger-core-jakarta/2.2.15/swagger-core-jakarta-2.2.15.jar:/home/ec2-user/.m2/repository/org/apache/commons/commons-lang3/3.17.0/commons-lang3-3.17.0.jar:/home/ec2-user/.m2/repository/io/swagger/core/v3/swagger-annotations-jakarta/2.2.15/swagger-annotations-jakarta-2.2.15.jar:/home/ec2-user/.m2/repository/io/swagger/core/v3/swagger-models-jakarta/2.2.15/swagger-models-jakarta-2.2.15.jar:/home/ec2-user/.m2/repository/com/fasterxml/jackson/dataformat/jackson-dataformat-yaml/2.18.2/jackson-dataformat-yaml-2.18.2.jar:/home/ec2-user/.m2/repository/org/webjars/swagger-ui/5.2.0/swagger-ui-5.2.0.jar:/home/ec2-user/.m2/repository/io/springfox/springfox-boot-starter/3.0.0/springfox-boot-starter-3.0.0.jar:/home/ec2-user/.m2/repository/io/springfox/springfox-oas/3.0.0/springfox-oas-3.0.0.jar:/home/ec2-user/.m2/repository/io/swagger/core/v3/swagger-annotations/2.1.2/swagger-annotations-2.1.2.jar:/home/ec2-user/.m2/repository/io/swagger/core/v3/swagger-models/2.1.2/swagger-models-2.1.2.jar:/home/ec2-user/.m2/repository/io/springfox/springfox-spi/3.0.0/springfox-spi-3.0.0.jar:/home/ec2-user/.m2/repository/io/springfox/springfox-schema/3.0.0/springfox-schema-3.0.0.jar:/home/ec2-user/.m2/repository/io/springfox/springfox-core/3.0.0/springfox-core-3.0.0.jar:/home/ec2-user/.m2/repository/io/springfox/springfox-spring-web/3.0.0/springfox-spring-web-3.0.0.jar:/home/ec2-user/.m2/repository/io/springfox/springfox-spring-webmvc/3.0.0/springfox-spring-webmvc-3.0.0.jar:/home/ec2-user/.m2/repository/io/springfox/springfox-spring-webflux/3.0.0/springfox-spring-webflux-3.0.0.jar:/home/ec2-user/.m2/repository/io/springfox/springfox-swagger-common/3.0.0/springfox-swagger-common-3.0.0.jar:/home/ec2-user/.m2/repository/org/mapstruct/mapstruct/1.3.1.Final/mapstruct-1.3.1.Final.jar:/home/ec2-user/.m2/repository/io/springfox/springfox-data-rest/3.0.0/springfox-data-rest-3.0.0.jar:/home/ec2-user/.m2/repository/io/springfox/springfox-bean-validators/3.0.0/springfox-bean-validators-3.0.0.jar:/home/ec2-user/.m2/repository/io/springfox/springfox-swagger2/3.0.0/springfox-swagger2-3.0.0.jar:/home/ec2-user/.m2/repository/io/swagger/swagger-annotations/1.5.20/swagger-annotations-1.5.20.jar:/home/ec2-user/.m2/repository/io/swagger/swagger-models/1.5.20/swagger-models-1.5.20.jar:/home/ec2-user/.m2/repository/io/springfox/springfox-swagger-ui/3.0.0/springfox-swagger-ui-3.0.0.jar:/home/ec2-user/.m2/repository/com/fasterxml/classmate/1.7.0/classmate-1.7.0.jar:/home/ec2-user/.m2/repository/org/springframework/plugin/spring-plugin-core/2.0.0.RELEASE/spring-plugin-core-2.0.0.RELEASE.jar:/home/ec2-user/.m2/repository/org/springframework/plugin/spring-plugin-metadata/2.0.0.RELEASE/spring-plugin-metadata-2.0.0.RELEASE.jar:/home/ec2-user/.m2/repository/org/webjars/jquery/3.4.1/jquery-3.4.1.jar:/home/ec2-user/.m2/repository/org/webjars/bootstrap/4.3.1/bootstrap-4.3.1.jar:/home/ec2-user/.m2/repository/org/webjars/popper.js/1.14.3/popper.js-1.14.3.jar:/home/ec2-user/.m2/repository/org/webjars/webjars-locator-core/0.59/webjars-locator-core-0.59.jar:/home/ec2-user/.m2/repository/io/github/classgraph/classgraph/4.8.173/classgraph-4.8.173.jar:/home/ec2-user/.m2/repository/javax/xml/bind/jaxb-api/2.3.0/jaxb-api-2.3.0.jar:/home/ec2-user/.m2/repository/org/webjars/js-cookie/2.1.0/js-cookie-2.1.0.jar:/home/ec2-user/.m2/repository/org/springframework/security/spring-security-web/6.4.1/spring-security-web-6.4.1.jar:/home/ec2-user/.m2/repository/org/springframework/spring-beans/6.2.2/spring-beans-6.2.2.jar:/home/ec2-user/.m2/repository/org/springframework/spring-context/6.2.2/spring-context-6.2.2.jar:/home/ec2-user/.m2/repository/org/springframework/spring-expression/6.2.2/spring-expression-6.2.2.jar:/home/ec2-user/.m2/repository/org/springframework/boot/spring-boot-starter-actuator/3.4.2/spring-boot-starter-actuator-3.4.2.jar:/home/ec2-user/.m2/repository/org/springframework/boot/spring-boot-actuator-autoconfigure/3.4.2/spring-boot-actuator-autoconfigure-3.4.2.jar:/home/ec2-user/.m2/repository/org/springframework/boot/spring-boot-actuator/3.4.2/spring-boot-actuator-3.4.2.jar:/home/ec2-user/.m2/repository/io/micrometer/micrometer-observation/1.14.3/micrometer-observation-1.14.3.jar:/home/ec2-user/.m2/repository/io/micrometer/micrometer-commons/1.14.3/micrometer-commons-1.14.3.jar:/home/ec2-user/.m2/repository/io/micrometer/micrometer-jakarta9/1.14.3/micrometer-jakarta9-1.14.3.jar:/home/ec2-user/.m2/repository/io/micrometer/micrometer-core/1.14.3/micrometer-core-1.14.3.jar:/home/ec2-user/.m2/repository/org/hdrhistogram/HdrHistogram/2.2.2/HdrHistogram-2.2.2.jar:/home/ec2-user/.m2/repository/org/latencyutils/LatencyUtils/2.0.3/LatencyUtils-2.0.3.jar:/home/ec2-user/.m2/repository/javax/servlet/servlet-api/2.5/servlet-api-2.5.jar:/home/ec2-user/.m2/repository/org/slf4j/slf4j-nop/1.7.25/slf4j-nop-1.7.25.jar:/home/ec2-user/.m2/repository/org/bitbucket/b_c/jose4j/0.6.3/jose4j-0.6.3.jar:/home/ec2-user/.m2/repository/commons-cli/commons-cli/1.4/commons-cli-1.4.jar:/home/ec2-user/.m2/repository/commons-io/commons-io/2.6/commons-io-2.6.jar:/home/ec2-user/.m2/repository/com/codahale/shamir/0.6.0/shamir-0.6.0.jar:/home/ec2-user/.m2/repository/com/fasterxml/jackson/core/jackson-databind/2.15.0/jackson-databind-2.15.0.jar:/home/ec2-user/.m2/repository/com/fasterxml/jackson/core/jackson-core/2.15.0/jackson-core-2.15.0.jar:/home/ec2-user/.m2/repository/com/fasterxml/jackson/core/jackson-annotations/2.15.0/jackson-annotations-2.15.0.jar:/home/ec2-user/.m2/repository/org/apache/tomcat/tomcat-coyote/11.0.2/tomcat-coyote-11.0.2.jar:/home/ec2-user/.m2/repository/org/apache/tomcat/tomcat-servlet-api/11.0.2/tomcat-servlet-api-11.0.2.jar:/home/ec2-user/.m2/repository/org/apache/tomcat/tomcat-jni/11.0.2/tomcat-jni-11.0.2.jar:/home/ec2-user/.m2/repository/org/apache/tomcat/tomcat-juli/11.0.2/tomcat-juli-11.0.2.jar:/home/ec2-user/.m2/repository/org/apache/tomcat/tomcat-util/11.0.2/tomcat-util-11.0.2.jar:/home/ec2-user/.m2/repository/org/springframework/spring-web/6.2.1/spring-web-6.2.1.jar:"/>
    <property name="sun.cpu.endian" value="little"/>
    <property name="user.home" value="/home/ec2-user"/>
    <property name="user.language" value="en"/>
    <property name="java.specification.vendor" value="Oracle Corporation"/>
    <property name="java.version.date" value="2025-01-21"/>
    <property name="java.home" value="/usr/lib/jvm/java-17-openjdk-17.0.14.0.7-2.el9.x86_64"/>
    <property name="file.separator" value="/"/>
    <property name="basedir" value="/home/ec2-user/verify/byok"/>
    <property name="java.vm.compressedOopsMode" value="32-bit"/>
    <property name="line.separator" value="&#10;"/>
    <property name="java.vm.specification.vendor" value="Oracle Corporation"/>
    <property name="java.specification.name" value="Java Platform API Specification"/>
    <property name="FILE_LOG_CHARSET" value="UTF-8"/>
    <property name="java.awt.headless" value="true"/>
    <property name="surefire.real.class.path" value="/home/ec2-user/verify/byok/target/surefire/surefirebooter-20250220190919479_3.jar"/>
    <property name="LOG_LEVEL_PATTERN" value="%5p"/>
    <property name="sun.management.compiler" value="HotSpot 64-Bit Tiered Compilers"/>
    <property name="java.runtime.version" value="17.0.14+7-LTS"/>
    <property name="user.name" value="ec2-user"/>
    <property name="path.separator" value=":"/>
    <property name="os.version" value="5.14.0-503.22.1.el9_5.x86_64"/>
    <property name="java.runtime.name" value="OpenJDK Runtime Environment"/>
    <property name="file.encoding" value="UTF-8"/>
    <property name="FILE_LOG_PATTERN" value="%d %-5level [%thread] %logger : %msg%n"/>
    <property name="java.vm.name" value="OpenJDK 64-Bit Server VM"/>
    <property name="java.vendor.version" value="(Red_Hat-17.0.14.0.7-1)"/>
    <property name="LOG_FILE" value="/logs/application.log"/>
    <property name="localRepository" value="/home/ec2-user/.m2/repository"/>
    <property name="java.vendor.url.bug" value="https://access.redhat.com/support/cases/"/>
    <property name="java.io.tmpdir" value="/tmp"/>
    <property name="javax.net.ssl.trustStoreType" value="pkcs12"/>
    <property name="java.version" value="17.0.14"/>
    <property name="user.dir" value="/home/ec2-user/verify/byok"/>
    <property name="os.arch" value="amd64"/>
    <property name="java.vm.specification.name" value="Java Virtual Machine Specification"/>
    <property name="PID" value="122030"/>
    <property name="CONSOLE_LOG_CHARSET" value="UTF-8"/>
    <property name="LOGBACK_ROLLINGPOLICY_MAX_HISTORY" value="30"/>
    <property name="native.encoding" value="UTF-8"/>
    <property name="java.library.path" value="/usr/java/packages/lib:/usr/lib64:/lib64:/lib:/usr/lib"/>
    <property name="java.vm.info" value="mixed mode, sharing"/>
    <property name="java.vendor" value="Red Hat, Inc."/>
    <property name="java.vm.version" value="17.0.14+7-LTS"/>
    <property name="java.specification.maintenance.version" value="1"/>
    <property name="sun.io.unicode.encoding" value="UnicodeLittle"/>
    <property name="java.class.version" value="61.0"/>
    <property name="CONSOLE_LOG_PATTERN" value="%black(%d{ISO8601}) %highlight(%-5level) [%blue(%t)] %yellow(%C{1.}): %msg%n%throwable"/>
    <property name="LOGGED_APPLICATION_NAME" value="[byok] "/>
  </properties>
  <testcase name="Test1" classname="com.dod.dha.byok.FipsAesCbcTest" time="0.048">
    <system-out><![CDATA[&amp#27;[30m2025-02-20 19:09:37,481&amp#27;[0;39m &amp#27;[34mINFO &amp#27;[0;39m [&amp#27;[34mmain&amp#27;[0;39m] &amp#27;[33morg.springframework.test.context.support.AnnotationConfigContextLoaderUtils&amp#27;[0;39m: Could not detect default configuration classes for test class [com.dod.dha.byok.FipsAesCbcTest]: FipsAesCbcTest does not declare any static, non-private, non-final, nested classes annotated with @Configuration.
&amp#27;[30m2025-02-20 19:09:37,488&amp#27;[0;39m &amp#27;[34mINFO &amp#27;[0;39m [&amp#27;[34mmain&amp#27;[0;39m] &amp#27;[33morg.springframework.boot.test.context.SpringBootTestContextBootstrapper&amp#27;[0;39m: Found @SpringBootConfiguration com.dod.dha.byok.ByokApplication for test class com.dod.dha.byok.FipsAesCbcTest
Generated AES Key: iPKYg6Mg5ESG4WRF3cNbnJBRGSqmdYqQhbcWgTFFH2M=
Generated IV: 1O5NZHwIZp+hrHAY/Ew9lQ==
Encrypted Ciphertext: vRZt62BP8vNxxHWmjNiZ0M4UCnZ/ytTFy9U3AaRn0+TLLqiNxSoacY80d9qbHz5S
Decrypted Text: This is a FIPS-compliant AES CBC test.
]]></system-out>
  </testcase>
</testsuite>